

Version:	3.50
CmdLine:	C:\OMEGA_DEVPTB\generator\pojoGenerator.exe --l4j-debug
JNI:		No
WOW64:		Yes
Working dir:	C:\OMEGA_DEVPTB\generator\.
Requires JDK:	No
Requires 64-Bit: No
Java min ver:	
Java max ver:	
JRE paths:	C:\OMEGA_DEVPTB\jdk-11.0.12\bin
Check launcher:	C:\OMEGA_DEVPTB\jdk-11.0.12\bin\javaw.exe (OK)
Version string: 1.011.000_012 / 64-Bit (OK)
Main class:	neo_gen.PojoGenerator
Info:		Classpath not defined.
Launcher:	C:\OMEGA_DEVPTB\jdk-11.0.12\bin\javaw.exe
Launcher args:	-classpath "C:\OMEGA_DEVPTB\generator\pojoGenerator.exe" neo_gen.PojoGenerator
Args length:	78/32768 chars
Exit code:	0


Version:	3.50
CmdLine:	C:\OMEGA_DEVPTB\generator\pojoGenerator.exe --l4j-debug
JNI:		No
WOW64:		Yes
Working dir:	C:\OMEGA_DEVPTB\generator\.
Requires JDK:	No
Requires 64-Bit: No
Java min ver:	
Java max ver:	
JRE paths:	C:\OMEGA_DEVPTB\jdk-11.0.12\bin
Check launcher:	C:\OMEGA_DEVPTB\jdk-11.0.12\bin\javaw.exe (OK)
Version string: 1.011.000_012 / 64-Bit (OK)
Main class:	neo_gen.PojoGenerator
Info:		Classpath not defined.
Launcher:	C:\OMEGA_DEVPTB\jdk-11.0.12\bin\javaw.exe
Launcher args:	-classpath "C:\OMEGA_DEVPTB\generator\pojoGenerator.exe" neo_gen.PojoGenerator
Args length:	78/32768 chars
Exit code:	0
